<?xml version="1.0" encoding="UTF-8"?>
<!-- Generated by org.testng.reporters.JUnitReportReporter -->
<testsuite hostname="LAPTOP-N2BE1DCI" failures="0" tests="1" name="com.tractorjunction.tests.LeadFormTests" time="102.091" errors="0" timestamp="2025-07-26T14:44:31 IST" skipped="0">
  <testcase classname="com.tractorjunction.tests.LeadFormTests" name="TJWA_TC_LSU_010" time="102.091"/>
</testsuite> <!-- com.tractorjunction.tests.LeadFormTests -->
