<?xml version="1.0" encoding="UTF-8"?>
<!-- Generated by org.testng.reporters.JUnitReportReporter -->
<testsuite hostname="LAPTOP-N2BE1DCI" failures="0" tests="1" name="com.tractorjunction.tests.UsedTractorListingTests" time="16.863" errors="0" timestamp="2025-07-23T07:17:47 IST" skipped="0">
  <testcase classname="com.tractorjunction.tests.UsedTractorListingTests" name="TJWA_TC_UTL_001_verifyUsedTractorPricesIn0to2LakhRange" time="16.863"/>
</testsuite> <!-- com.tractorjunction.tests.UsedTractorListingTests -->
