<?xml version="1.0" encoding="UTF-8"?>
<!-- Generated by org.testng.reporters.JUnitReportReporter -->
<testsuite hostname="LAPTOP-N2BE1DCI" failures="0" tests="5" name="com.tractorjunction.tests.UsedTractorListingTests" time="43.756" errors="0" timestamp="2025-07-25T07:59:05 IST" skipped="0">
  <testcase classname="com.tractorjunction.tests.UsedTractorListingTests" name="TJWA_TC_UTL_001_verifyUsedTractorPricesIn0to2LakhRange" time="7.295"/>
  <testcase classname="com.tractorjunction.tests.UsedTractorListingTests" name="TJWA_TC_UTL_002_verifyBrandModelFilter_Mahindra575DI" time="8.437"/>
  <testcase classname="com.tractorjunction.tests.UsedTractorListingTests" name="TJWA_TC_UTL_004_verifySortByLowToHighAfterPriceFilter" time="7.942"/>
  <testcase classname="com.tractorjunction.tests.UsedTractorListingTests" name="TJWA_TC_UTL_003_verifyYearFilter_2025" time="6.086"/>
  <testcase classname="com.tractorjunction.tests.UsedTractorListingTests" name="TJWA_TC_UTL_006_combinedFilters_2to3Lakh_Mahindra_2011_Sorted" time="13.996"/>
</testsuite> <!-- com.tractorjunction.tests.UsedTractorListingTests -->
