<?xml version="1.0" encoding="UTF-8"?>
<!-- Generated by org.testng.reporters.JUnitReportReporter -->
<testsuite hostname="LAPTOP-N2BE1DCI" failures="0" tests="5" name="com.tractorjunction.tests.SeoElementsTests" time="51.364" errors="0" timestamp="2025-07-23T07:17:47 IST" skipped="0">
  <testcase classname="com.tractorjunction.tests.SeoElementsTests" name="test01_H1Validation" time="10.163"/>
  <testcase classname="com.tractorjunction.tests.SeoElementsTests" name="test01_H1Validation" time="8.576"/>
  <testcase classname="com.tractorjunction.tests.SeoElementsTests" name="test01_H1Validation" time="13.255"/>
  <testcase classname="com.tractorjunction.tests.SeoElementsTests" name="test01_H1Validation" time="7.805"/>
  <testcase classname="com.tractorjunction.tests.SeoElementsTests" name="test01_H1Validation" time="11.565"/>
</testsuite> <!-- com.tractorjunction.tests.SeoElementsTests -->
