<?xml version="1.0" encoding="UTF-8"?>
<!-- Generated by org.testng.reporters.JUnitReportReporter -->
<testsuite hostname="LAPTOP-N2BE1DCI" failures="0" tests="1" name="com.tractorjunction.tests.EMICalculatorTests" time="12.846" errors="0" timestamp="2025-07-24T23:30:11 IST" skipped="0">
  <testcase classname="com.tractorjunction.tests.EMICalculatorTests" name="TC_001_verifyEmiCalculationWithDefaultDownPayment" time="12.846"/>
</testsuite> <!-- com.tractorjunction.tests.EMICalculatorTests -->
