<?xml version="1.0" encoding="UTF-8"?>
<!-- Generated by org.testng.reporters.JUnitReportReporter -->
<testsuite hostname="LAPTOP-N2BE1DCI" failures="0" tests="4" name="com.tractorjunction.tests.LanguageSwitcherTests" time="40.641" errors="0" timestamp="2025-07-25T07:49:07 IST" skipped="0">
  <testcase classname="com.tractorjunction.tests.LanguageSwitcherTests" name="testMarathiLanguageSwitching" time="9.367"/>
  <testcase classname="com.tractorjunction.tests.LanguageSwitcherTests" name="testTamilLanguageSwitching" time="9.637"/>
  <testcase classname="com.tractorjunction.tests.LanguageSwitcherTests" name="testTeluguLanguageSwitching" time="8.063"/>
  <testcase classname="com.tractorjunction.tests.LanguageSwitcherTests" name="testHindiLanguageSwitching" time="13.574"/>
</testsuite> <!-- com.tractorjunction.tests.LanguageSwitcherTests -->
