<?xml version="1.0" encoding="UTF-8"?>
<!-- Generated by org.testng.reporters.JUnitReportReporter -->
<testsuite hostname="LAPTOP-N2BE1DCI" failures="0" tests="1" name="com.tractorjunction.tests.EMICalculatorTests" time="10.945" errors="0" timestamp="2025-07-25T00:16:46 IST" skipped="0">
  <testcase classname="com.tractorjunction.tests.EMICalculatorTests" name="TC_001_verifyEmiCalculationWithDefaultDownPayment" time="10.945"/>
</testsuite> <!-- com.tractorjunction.tests.EMICalculatorTests -->
