<?xml version="1.0" encoding="UTF-8"?>
<!-- Generated by org.testng.reporters.JUnitReportReporter -->
<testsuite hostname="LAPTOP-N2BE1DCI" failures="0" tests="40" name="com.tractorjunction.tests.SeoElementsTests" time="284.393" errors="0" timestamp="2025-07-26T13:17:01 IST" skipped="0">
  <testcase classname="com.tractorjunction.tests.SeoElementsTests" name="test01_H1Validation" time="6.252"/>
  <testcase classname="com.tractorjunction.tests.SeoElementsTests" name="test01_H1Validation" time="6.203"/>
  <testcase classname="com.tractorjunction.tests.SeoElementsTests" name="test01_H1Validation" time="7.773"/>
  <testcase classname="com.tractorjunction.tests.SeoElementsTests" name="test07_BreadcrumbValidation" time="6.447"/>
  <testcase classname="com.tractorjunction.tests.SeoElementsTests" name="test02_H2Validation" time="8.812"/>
  <testcase classname="com.tractorjunction.tests.SeoElementsTests" name="test04_MetaTitleValidation" time="5.952"/>
  <testcase classname="com.tractorjunction.tests.SeoElementsTests" name="test06_MetaKeywordsValidation" time="9.198"/>
  <testcase classname="com.tractorjunction.tests.SeoElementsTests" name="test06_MetaKeywordsValidation" time="7.246"/>
  <testcase classname="com.tractorjunction.tests.SeoElementsTests" name="test08_UrlStructureValidation" time="6.842"/>
  <testcase classname="com.tractorjunction.tests.SeoElementsTests" name="test07_BreadcrumbValidation" time="7.220"/>
  <testcase classname="com.tractorjunction.tests.SeoElementsTests" name="test05_MetaDescriptionValidation" time="6.227"/>
  <testcase classname="com.tractorjunction.tests.SeoElementsTests" name="test07_BreadcrumbValidation" time="6.490"/>
  <testcase classname="com.tractorjunction.tests.SeoElementsTests" name="test05_MetaDescriptionValidation" time="5.745"/>
  <testcase classname="com.tractorjunction.tests.SeoElementsTests" name="test06_MetaKeywordsValidation" time="6.919"/>
  <testcase classname="com.tractorjunction.tests.SeoElementsTests" name="test07_BreadcrumbValidation" time="7.322"/>
  <testcase classname="com.tractorjunction.tests.SeoElementsTests" name="test03_H3Validation" time="6.478"/>
  <testcase classname="com.tractorjunction.tests.SeoElementsTests" name="test03_H3Validation" time="7.574"/>
  <testcase classname="com.tractorjunction.tests.SeoElementsTests" name="test08_UrlStructureValidation" time="8.311"/>
  <testcase classname="com.tractorjunction.tests.SeoElementsTests" name="test06_MetaKeywordsValidation" time="7.532"/>
  <testcase classname="com.tractorjunction.tests.SeoElementsTests" name="test02_H2Validation" time="9.020"/>
  <testcase classname="com.tractorjunction.tests.SeoElementsTests" name="test04_MetaTitleValidation" time="6.703"/>
  <testcase classname="com.tractorjunction.tests.SeoElementsTests" name="test08_UrlStructureValidation" time="6.393"/>
  <testcase classname="com.tractorjunction.tests.SeoElementsTests" name="test04_MetaTitleValidation" time="6.482"/>
  <testcase classname="com.tractorjunction.tests.SeoElementsTests" name="test05_MetaDescriptionValidation" time="5.941"/>
  <testcase classname="com.tractorjunction.tests.SeoElementsTests" name="test03_H3Validation" time="7.886"/>
  <testcase classname="com.tractorjunction.tests.SeoElementsTests" name="test08_UrlStructureValidation" time="7.146"/>
  <testcase classname="com.tractorjunction.tests.SeoElementsTests" name="test04_MetaTitleValidation" time="9.863"/>
  <testcase classname="com.tractorjunction.tests.SeoElementsTests" name="test01_H1Validation" time="7.631"/>
  <testcase classname="com.tractorjunction.tests.SeoElementsTests" name="test02_H2Validation" time="7.823"/>
  <testcase classname="com.tractorjunction.tests.SeoElementsTests" name="test03_H3Validation" time="7.708"/>
  <testcase classname="com.tractorjunction.tests.SeoElementsTests" name="test02_H2Validation" time="8.234"/>
  <testcase classname="com.tractorjunction.tests.SeoElementsTests" name="test07_BreadcrumbValidation" time="6.904"/>
  <testcase classname="com.tractorjunction.tests.SeoElementsTests" name="test02_H2Validation" time="7.249"/>
  <testcase classname="com.tractorjunction.tests.SeoElementsTests" name="test05_MetaDescriptionValidation" time="6.163"/>
  <testcase classname="com.tractorjunction.tests.SeoElementsTests" name="test08_UrlStructureValidation" time="6.244"/>
  <testcase classname="com.tractorjunction.tests.SeoElementsTests" name="test04_MetaTitleValidation" time="6.780"/>
  <testcase classname="com.tractorjunction.tests.SeoElementsTests" name="test03_H3Validation" time="7.883"/>
  <testcase classname="com.tractorjunction.tests.SeoElementsTests" name="test01_H1Validation" time="6.448"/>
  <testcase classname="com.tractorjunction.tests.SeoElementsTests" name="test05_MetaDescriptionValidation" time="5.806"/>
  <testcase classname="com.tractorjunction.tests.SeoElementsTests" name="test06_MetaKeywordsValidation" time="5.543"/>
</testsuite> <!-- com.tractorjunction.tests.SeoElementsTests -->
