<?xml version="1.0" encoding="UTF-8"?>
<!-- Generated by org.testng.reporters.JUnitReportReporter -->
<testsuite hostname="LAPTOP-N2BE1DCI" failures="0" tests="3" name="com.tractorjunction.tests.LeadFormTests" time="84.680" errors="0" timestamp="2025-07-26T14:06:38 IST" skipped="0">
  <testcase classname="com.tractorjunction.tests.LeadFormTests" name="TJWA_TC_LSU_010" time="36.800"/>
  <testcase classname="com.tractorjunction.tests.LeadFormTests" name="TJWA_TC_LNT_008" time="25.392"/>
  <testcase classname="com.tractorjunction.tests.LeadFormTests" name="TJWA_TC_LSU_002" time="22.488"/>
</testsuite> <!-- com.tractorjunction.tests.LeadFormTests -->
