<?xml version="1.0" encoding="UTF-8"?>
<!-- Generated by org.testng.reporters.JUnitReportReporter -->
<testsuite hostname="LAPTOP-N2BE1DCI" failures="0" tests="1" name="com.tractorjunction.tests.LoginTests" time="27.100" errors="0" timestamp="2025-07-24T22:32:13 IST" skipped="0">
  <testcase classname="com.tractorjunction.tests.LoginTests" name="testValidLogin" time="27.100"/>
</testsuite> <!-- com.tractorjunction.tests.LoginTests -->
